# JRE version: OpenJDK Runtime Environment (8.0_265-b01) (build 1.8.0_265-b01)
# Java VM: OpenJDK 64-Bit Server VM (25.265-b01 mixed mode windows-amd64 compressed oops)
Heap:
 PSYoungGen      total 573440K, used 319411K [0x000000076bc00000, 0x000000079e000000, 0x00000007c0000000)
  eden space 411136K, 50% used [0x000000076bc00000,0x00000007785ba798,0x0000000784d80000)
  from space 162304K, 69% used [0x0000000784d80000,0x000000078bbb24c8,0x000000078ec00000)
  to   space 171008K, 0% used [0x0000000793900000,0x0000000793900000,0x000000079e000000)
 ParOldGen       total 470528K, used 82074K [0x00000006c3400000, 0x00000006dff80000, 0x000000076bc00000)
  object space 470528K, 17% used [0x00000006c3400000,0x00000006c8426ad0,0x00000006dff80000)
 Metaspace       used 59070K, capacity 61893K, committed 62120K, reserved 1103872K
  class space    used 6924K, capacity 7991K, committed 8104K, reserved 1048576K
GC Heap History (10 events):
Event: 6.765 GC heap before
{Heap before GC invocations=18 (full 3):
 PSYoungGen      total 387072K, used 372073K [0x000000076bc00000, 0x000000078c180000, 0x00000007c0000000)
  eden space 288256K, 100% used [0x000000076bc00000,0x000000077d580000,0x000000077d580000)
  from space 98816K, 84% used [0x0000000784180000,0x000000078935a500,0x000000078a200000)
  to   space 110592K, 0% used [0x000000077d580000,0x000000077d580000,0x0000000784180000)
 ParOldGen       total 470528K, used 82034K [0x00000006c3400000, 0x00000006dff80000, 0x000000076bc00000)
  object space 470528K, 17% used [0x00000006c3400000,0x00000006c841cad0,0x00000006dff80000)
 Metaspace       used 48479K, capacity 50970K, committed 51240K, reserved 1093632K
  class space    used 5781K, capacity 6833K, committed 6952K, reserved 1048576K
Event: 6.782 GC heap after
Heap after GC invocations=18 (full 3):
 PSYoungGen      total 398848K, used 74241K [0x000000076bc00000, 0x0000000791000000, 0x00000007c0000000)
  eden space 288256K, 0% used [0x000000076bc00000,0x000000076bc00000,0x000000077d580000)
  from space 110592K, 67% used [0x000000077d580000,0x0000000781e005e0,0x0000000784180000)
  to   space 116736K, 0% used [0x0000000789e00000,0x0000000789e00000,0x0000000791000000)
 ParOldGen       total 470528K, used 82042K [0x00000006c3400000, 0x00000006dff80000, 0x000000076bc00000)
  object space 470528K, 17% used [0x00000006c3400000,0x00000006c841ead0,0x00000006dff80000)
 Metaspace       used 48479K, capacity 50970K, committed 51240K, reserved 1093632K
  class space    used 5781K, capacity 6833K, committed 6952K, reserved 1048576K
}
Event: 9.508 GC heap before
{Heap before GC invocations=19 (full 3):
 PSYoungGen      total 398848K, used 362497K [0x000000076bc00000, 0x0000000791000000, 0x00000007c0000000)
  eden space 288256K, 100% used [0x000000076bc00000,0x000000077d580000,0x000000077d580000)
  from space 110592K, 67% used [0x000000077d580000,0x0000000781e005e0,0x0000000784180000)
  to   space 116736K, 0% used [0x0000000789e00000,0x0000000789e00000,0x0000000791000000)
 ParOldGen       total 470528K, used 82042K [0x00000006c3400000, 0x00000006dff80000, 0x000000076bc00000)
  object space 470528K, 17% used [0x00000006c3400000,0x00000006c841ead0,0x00000006dff80000)
 Metaspace       used 57185K, capacity 59819K, committed 60200K, reserved 1101824K
  class space    used 6787K, capacity 7852K, committed 7976K, reserved 1048576K
Event: 9.534 GC heap after
Heap after GC invocations=19 (full 3):
 PSYoungGen      total 477184K, used 107548K [0x000000076bc00000, 0x0000000792680000, 0x00000007c0000000)
  eden space 360448K, 0% used [0x000000076bc00000,0x000000076bc00000,0x0000000781c00000)
  from space 116736K, 92% used [0x0000000789e00000,0x00000007907070b0,0x0000000791000000)
  to   space 133120K, 0% used [0x0000000781c00000,0x0000000781c00000,0x0000000789e00000)
 ParOldGen       total 470528K, used 82050K [0x00000006c3400000, 0x00000006dff80000, 0x000000076bc00000)
  object space 470528K, 17% used [0x00000006c3400000,0x00000006c8420ad0,0x00000006dff80000)
 Metaspace       used 57185K, capacity 59819K, committed 60200K, reserved 1101824K
  class space    used 6787K, capacity 7852K, committed 7976K, reserved 1048576K
}
Event: 10.807 GC heap before
{Heap before GC invocations=20 (full 3):
 PSYoungGen      total 477184K, used 467996K [0x000000076bc00000, 0x0000000792680000, 0x00000007c0000000)
  eden space 360448K, 100% used [0x000000076bc00000,0x0000000781c00000,0x0000000781c00000)
  from space 116736K, 92% used [0x0000000789e00000,0x00000007907070b0,0x0000000791000000)
  to   space 133120K, 0% used [0x0000000781c00000,0x0000000781c00000,0x0000000789e00000)
 ParOldGen       total 470528K, used 82050K [0x00000006c3400000, 0x00000006dff80000, 0x000000076bc00000)
  object space 470528K, 17% used [0x00000006c3400000,0x00000006c8420ad0,0x00000006dff80000)
 Metaspace       used 58137K, capacity 60925K, committed 61224K, reserved 1101824K
  class space    used 6863K, capacity 7923K, committed 7976K, reserved 1048576K
Event: 10.829 GC heap after
Heap after GC invocations=20 (full 3):
 PSYoungGen      total 493568K, used 122657K [0x000000076bc00000, 0x0000000798080000, 0x00000007c0000000)
  eden space 360448K, 0% used [0x000000076bc00000,0x000000076bc00000,0x0000000781c00000)
  from space 133120K, 92% used [0x0000000781c00000,0x00000007893c8448,0x0000000789e00000)
  to   space 152064K, 0% used [0x000000078ec00000,0x000000078ec00000,0x0000000798080000)
 ParOldGen       total 470528K, used 82058K [0x00000006c3400000, 0x00000006dff80000, 0x000000076bc00000)
  object space 470528K, 17% used [0x00000006c3400000,0x00000006c8422ad0,0x00000006dff80000)
 Metaspace       used 58137K, capacity 60925K, committed 61224K, reserved 1101824K
  class space    used 6863K, capacity 7923K, committed 7976K, reserved 1048576K
}
Event: 11.369 GC heap before
{Heap before GC invocations=21 (full 3):
 PSYoungGen      total 493568K, used 483105K [0x000000076bc00000, 0x0000000798080000, 0x00000007c0000000)
  eden space 360448K, 100% used [0x000000076bc00000,0x0000000781c00000,0x0000000781c00000)
  from space 133120K, 92% used [0x0000000781c00000,0x00000007893c8448,0x0000000789e00000)
  to   space 152064K, 0% used [0x000000078ec00000,0x000000078ec00000,0x0000000798080000)
 ParOldGen       total 470528K, used 82058K [0x00000006c3400000, 0x00000006dff80000, 0x000000076bc00000)
  object space 470528K, 17% used [0x00000006c3400000,0x00000006c8422ad0,0x00000006dff80000)
 Metaspace       used 58505K, capacity 61341K, committed 61480K, reserved 1103872K
  class space    used 6895K, capacity 7955K, committed 7976K, reserved 1048576K
Event: 11.392 GC heap after
Heap after GC invocations=21 (full 3):
 PSYoungGen      total 563200K, used 109083K [0x000000076bc00000, 0x0000000799680000, 0x00000007c0000000)
  eden space 411136K, 0% used [0x000000076bc00000,0x000000076bc00000,0x0000000784d80000)
  from space 152064K, 71% used [0x000000078ec00000,0x0000000795686dd8,0x0000000798080000)
  to   space 162304K, 0% used [0x0000000784d80000,0x0000000784d80000,0x000000078ec00000)
 ParOldGen       total 470528K, used 82066K [0x00000006c3400000, 0x00000006dff80000, 0x000000076bc00000)
  object space 470528K, 17% used [0x00000006c3400000,0x00000006c8424ad0,0x00000006dff80000)
 Metaspace       used 58505K, capacity 61341K, committed 61480K, reserved 1103872K
  class space    used 6895K, capacity 7955K, committed 7976K, reserved 1048576K
}
Event: 12.077 GC heap before
{Heap before GC invocations=22 (full 3):
 PSYoungGen      total 563200K, used 520219K [0x000000076bc00000, 0x0000000799680000, 0x00000007c0000000)
  eden space 411136K, 100% used [0x000000076bc00000,0x0000000784d80000,0x0000000784d80000)
  from space 152064K, 71% used [0x000000078ec00000,0x0000000795686dd8,0x0000000798080000)
  to   space 162304K, 0% used [0x0000000784d80000,0x0000000784d80000,0x000000078ec00000)
 ParOldGen       total 470528K, used 82066K [0x00000006c3400000, 0x00000006dff80000, 0x000000076bc00000)
  object space 470528K, 17% used [0x00000006c3400000,0x00000006c8424ad0,0x00000006dff80000)
 Metaspace       used 58720K, capacity 61469K, committed 61736K, reserved 1103872K
  class space    used 6899K, capacity 7955K, committed 7976K, reserved 1048576K
Event: 12.096 GC heap after
Heap after GC invocations=22 (full 3):
 PSYoungGen      total 573440K, used 112841K [0x000000076bc00000, 0x000000079e000000, 0x00000007c0000000)
  eden space 411136K, 0% used [0x000000076bc00000,0x000000076bc00000,0x0000000784d80000)
  from space 162304K, 69% used [0x0000000784d80000,0x000000078bbb24c8,0x000000078ec00000)
  to   space 171008K, 0% used [0x0000000793900000,0x0000000793900000,0x000000079e000000)
 ParOldGen       total 470528K, used 82074K [0x00000006c3400000, 0x00000006dff80000, 0x000000076bc00000)
  object space 470528K, 17% used [0x00000006c3400000,0x00000006c8426ad0,0x00000006dff80000)
 Metaspace       used 58720K, capacity 61469K, committed 61736K, reserved 1103872K
  class space    used 6899K, capacity 7955K, committed 7976K, reserved 1048576K
}

